<?xml version="1.0" encoding="UTF-8"?>
<testng-results ignored="0" total="2" passed="2" failed="0" skipped="0">
  <reporter-output>
  </reporter-output>
  <suite started-at="2026-02-19T17:26:00 IST" name="Default suite" finished-at="2026-02-19T17:26:41 IST" duration-ms="40709">
    <groups>
    </groups>
    <test started-at="2026-02-19T17:26:00 IST" name="Default test" finished-at="2026-02-19T17:26:41 IST" duration-ms="40709">
      <class name="testLogin.TestMERIDIQLogin">
        <test-method signature="login()[pri:1, instance:testLogin.TestMERIDIQLogin@3d680b5a]" started-at="2026-02-19T17:26:00 IST" name="login" finished-at="2026-02-19T17:26:40 IST" duration-ms="39930" status="PASS">
          <reporter-output>
          </reporter-output>
        </test-method> <!-- login -->
        <test-method signature="quitBrowser()[pri:2, instance:testLogin.TestMERIDIQLogin@3d680b5a]" started-at="2026-02-19T17:26:40 IST" name="quitBrowser" finished-at="2026-02-19T17:26:41 IST" duration-ms="608" status="PASS">
          <reporter-output>
          </reporter-output>
        </test-method> <!-- quitBrowser -->
      </class> <!-- testLogin.TestMERIDIQLogin -->
    </test> <!-- Default test -->
  </suite> <!-- Default suite -->
</testng-results>
