<?xml version="1.0" encoding="UTF-8"?>
<!-- Generated by org.testng.reporters.JUnitReportReporter -->
<testsuite hostname="KODEs-Mac-mini.local" failures="0" tests="2" name="testLogin.TestPrescriptionLogin" time="42.784" errors="0" timestamp="2026-02-20T09:41:33 IST" skipped="0">
  <testcase classname="testLogin.TestPrescriptionLogin" name="login" time="29.395"/>
  <system-out/>
  <testcase classname="testLogin.TestPrescriptionLogin" name="quitBrowser" time="13.389"/>
  <system-out/>
</testsuite> <!-- testLogin.TestPrescriptionLogin -->
