<?xml version="1.0" encoding="UTF-8"?>
<!-- Generated by org.testng.reporters.JUnitReportReporter -->
<testsuite hostname="KODEs-Mac-mini.local" failures="0" tests="2" name="productionLogin.LivePrescriptionLogin" time="37.500" errors="0" timestamp="2026-02-20T09:41:33 IST" skipped="0">
  <testcase classname="productionLogin.LivePrescriptionLogin" name="login" time="22.384"/>
  <system-out/>
  <testcase classname="productionLogin.LivePrescriptionLogin" name="quitBrowser" time="15.116"/>
  <system-out/>
</testsuite> <!-- productionLogin.LivePrescriptionLogin -->
