<?xml version="1.0" encoding="UTF-8"?>
<!-- Generated by org.testng.reporters.JUnitReportReporter -->
<testsuite hostname="KODEs-Mac-mini.local" failures="0" tests="2" name="productionLogin.LiveMERIDIQLogin" time="34.710" errors="0" timestamp="2026-02-20T09:41:33 IST" skipped="0">
  <testcase classname="productionLogin.LiveMERIDIQLogin" name="login" time="23.525"/>
  <system-out/>
  <testcase classname="productionLogin.LiveMERIDIQLogin" name="quitBrowser" time="11.185"/>
  <system-out/>
</testsuite> <!-- productionLogin.LiveMERIDIQLogin -->
