<?xml version="1.0" encoding="UTF-8"?>
<!-- Generated by org.testng.reporters.JUnitReportReporter -->
<testsuite hostname="KODEs-Mac-mini.local" failures="0" tests="2" name="testLogin.TestPrescriptionLogin" time="51.579" errors="0" timestamp="2026-02-19T17:33:56 IST" skipped="0">
  <testcase classname="testLogin.TestPrescriptionLogin" name="login" time="50.009"/>
  <system-out/>
  <testcase classname="testLogin.TestPrescriptionLogin" name="quitBrowser" time="1.570"/>
  <system-out/>
</testsuite> <!-- testLogin.TestPrescriptionLogin -->
