<?xml version="1.0" encoding="UTF-8"?>
<!-- Generated by org.testng.reporters.JUnitReportReporter -->
<testsuite hostname="KODEs-Mac-mini.local" failures="0" tests="2" name="testLogin.TestMERIDIQLogin" time="42.027" errors="0" timestamp="2026-02-20T15:08:17 IST" skipped="0">
  <testcase classname="testLogin.TestMERIDIQLogin" name="login" time="31.054"/>
  <system-out/>
  <testcase classname="testLogin.TestMERIDIQLogin" name="quitBrowser" time="10.973"/>
  <system-out/>
</testsuite> <!-- testLogin.TestMERIDIQLogin -->
