<?xml version="1.0" encoding="UTF-8"?>
<!-- Generated by org.testng.reporters.JUnitReportReporter -->
<testsuite hostname="KODEs-Mac-mini.local" failures="0" tests="2" name="testAddClient.TestAddClientManually" time="28.217" errors="0" timestamp="2026-02-20T15:14:12 IST" skipped="0">
  <testcase classname="testAddClient.TestAddClientManually" name="clickOnClientMenu" time="3.626"/>
  <system-out/>
  <testcase classname="testAddClient.TestAddClientManually" name="addClient" time="24.591"/>
  <system-out/>
</testsuite> <!-- testAddClient.TestAddClientManually -->
