<?xml version="1.0" encoding="UTF-8"?>
<!-- Generated by org.testng.reporters.JUnitReportReporter -->
<testsuite hostname="KODEs-Mac-mini.local" failures="0" tests="2" name="testLogin.TestMERIDIQLogin" time="40.538" errors="0" timestamp="2026-02-19T17:26:46 IST" skipped="0">
  <testcase classname="testLogin.TestMERIDIQLogin" name="login" time="39.930"/>
  <system-out/>
  <testcase classname="testLogin.TestMERIDIQLogin" name="quitBrowser" time="0.608"/>
  <system-out/>
</testsuite> <!-- testLogin.TestMERIDIQLogin -->
